Limit  (cost=0.43..130.54 rows=34 width=118) (actual time=0.101..0.103 rows=7 loops=1)
  ->  Index Scan using yellow_trips_2016_01_tpep_pickup_datetime_payment_type_idx on yellow_trips_2016_01 yellow_trips  (cost=0.43..130.54 rows=34 width=118) (actual time=0.101..0.102 rows=7 loops=1)
        Index Cond: (tpep_pickup_datetime = '2016-01-01 00:00:00'::timestamp without time zone)
Planning Time: 0.099 ms
Execution Time: 0.114 ms